<?xml version="1.0" encoding="UTF-8"?>
<!-- Generated by org.testng.reporters.JUnitXMLReporter -->
<testsuite hostname="DESKTOP-F0NG1DC" ignored="0" name="Sign_in_and_Cart_operations" tests="12" failures="0" timestamp="2022-07-17T18:53:09 EAT" time="112.522" errors="0">
  <testcase name="@BeforeClass setup" time="91.709" classname="functionalTests.testsByBrian.tests.Sign_in">
    <failure type="org.openqa.selenium.SessionNotCreatedException" message="Could not start a new session. Possible causes are invalid address of the remote server or browser start-up failure.
Build info: version: &amp;apos;4.3.0&amp;apos;, revision: &amp;apos;a4995e2c09*&amp;apos;
System info: host: &amp;apos;DESKTOP-F0NG1DC&amp;apos;, ip: &amp;apos;172.20.10.6&amp;apos;, os.name: &amp;apos;Windows 10&amp;apos;, os.arch: &amp;apos;amd64&amp;apos;, os.version: &amp;apos;10.0&amp;apos;, java.version: &amp;apos;1.8.0_111&amp;apos;
Driver info: org.openqa.selenium.chrome.ChromeDriver
Command: [null, newSession {capabilities=[Capabilities {browserName: chrome, goog:chromeOptions: {args: [], extensions: []}}], desiredCapabilities=Capabilities {browserName: chrome, goog:chromeOptions: {args: [], extensions: []}}}]">
      <![CDATA[org.openqa.selenium.SessionNotCreatedException: Could not start a new session. Possible causes are invalid address of the remote server or browser start-up failure.
Build info: version: '4.3.0', revision: 'a4995e2c09*'
System info: host: 'DESKTOP-F0NG1DC', ip: '172.20.10.6', os.name: 'Windows 10', os.arch: 'amd64', os.version: '10.0', java.version: '1.8.0_111'
Driver info: org.openqa.selenium.chrome.ChromeDriver
Command: [null, newSession {capabilities=[Capabilities {browserName: chrome, goog:chromeOptions: {args: [], extensions: []}}], desiredCapabilities=Capabilities {browserName: chrome, goog:chromeOptions: {args: [], extensions: []}}}]
at org.openqa.selenium.remote.RemoteWebDriver.execute(RemoteWebDriver.java:587)
at org.openqa.selenium.remote.RemoteWebDriver.startSession(RemoteWebDriver.java:264)
at org.openqa.selenium.remote.RemoteWebDriver.<init>(RemoteWebDriver.java:179)
at org.openqa.selenium.chromium.ChromiumDriver.<init>(ChromiumDriver.java:101)
at org.openqa.selenium.chrome.ChromeDriver.<init>(ChromeDriver.java:81)
at org.openqa.selenium.chrome.ChromeDriver.<init>(ChromeDriver.java:49)
at functionalTests.mainPackage.DriverClass.setup(DriverClass.java:28)
at functionalTests.mainPackage.DriverClass.<init>(DriverClass.java:19)
at functionalTests.testsByBrian.tests.Sign_in.setup(Sign_in.java:14)
at java.util.ArrayList.forEach(Unknown Source)
Caused by: java.io.UncheckedIOException: java.net.ConnectException: Connection refused: no further information: localhost/0:0:0:0:0:0:0:1:59966
at org.openqa.selenium.remote.http.netty.NettyHttpHandler.makeCall(NettyHttpHandler.java:73)
at org.openqa.selenium.remote.http.AddSeleniumUserAgent.lambda$apply$0(AddSeleniumUserAgent.java:42)
at org.openqa.selenium.remote.http.Filter.lambda$andFinally$1(Filter.java:56)
at org.openqa.selenium.remote.http.netty.NettyHttpHandler.execute(NettyHttpHandler.java:49)
at org.openqa.selenium.remote.http.AddSeleniumUserAgent.lambda$apply$0(AddSeleniumUserAgent.java:42)
at org.openqa.selenium.remote.http.Filter.lambda$andFinally$1(Filter.java:56)
at org.openqa.selenium.remote.http.netty.NettyClient.execute(NettyClient.java:98)
at org.openqa.selenium.remote.ProtocolHandshake.createSession(ProtocolHandshake.java:120)
at org.openqa.selenium.remote.ProtocolHandshake.createSession(ProtocolHandshake.java:102)
at org.openqa.selenium.remote.ProtocolHandshake.createSession(ProtocolHandshake.java:67)
at org.openqa.selenium.remote.HttpCommandExecutor.execute(HttpCommandExecutor.java:156)
at org.openqa.selenium.remote.service.DriverCommandExecutor.invokeExecute(DriverCommandExecutor.java:167)
at org.openqa.selenium.remote.service.DriverCommandExecutor.execute(DriverCommandExecutor.java:142)
at org.openqa.selenium.remote.RemoteWebDriver.execute(RemoteWebDriver.java:569)
... 34 more
Caused by: java.net.ConnectException: Connection refused: no further information: localhost/0:0:0:0:0:0:0:1:59966
at org.asynchttpclient.netty.channel.NettyConnectListener.onFailure(NettyConnectListener.java:179)
at org.asynchttpclient.netty.channel.NettyChannelConnector$1.onFailure(NettyChannelConnector.java:108)
at org.asynchttpclient.netty.SimpleChannelFutureListener.operationComplete(SimpleChannelFutureListener.java:28)
at org.asynchttpclient.netty.SimpleChannelFutureListener.operationComplete(SimpleChannelFutureListener.java:20)
at io.netty.util.concurrent.DefaultPromise.notifyListener0(DefaultPromise.java:578)
at io.netty.util.concurrent.DefaultPromise.notifyListeners0(DefaultPromise.java:571)
at io.netty.util.concurrent.DefaultPromise.notifyListenersNow(DefaultPromise.java:550)
at io.netty.util.concurrent.DefaultPromise.notifyListeners(DefaultPromise.java:491)
at io.netty.util.concurrent.DefaultPromise.setValue0(DefaultPromise.java:616)
at io.netty.util.concurrent.DefaultPromise.setFailure0(DefaultPromise.java:609)
at io.netty.util.concurrent.DefaultPromise.tryFailure(DefaultPromise.java:117)
at io.netty.channel.nio.AbstractNioChannel$AbstractNioUnsafe.fulfillConnectPromise(AbstractNioChannel.java:321)
at io.netty.channel.nio.AbstractNioChannel$AbstractNioUnsafe.finishConnect(AbstractNioChannel.java:337)
at io.netty.channel.nio.NioEventLoop.processSelectedKey(NioEventLoop.java:710)
at io.netty.channel.nio.NioEventLoop.processSelectedKeysOptimized(NioEventLoop.java:658)
at io.netty.channel.nio.NioEventLoop.processSelectedKeys(NioEventLoop.java:584)
at io.netty.channel.nio.NioEventLoop.run(NioEventLoop.java:496)
at io.netty.util.concurrent.SingleThreadEventExecutor$4.run(SingleThreadEventExecutor.java:997)
at io.netty.util.internal.ThreadExecutorMap$2.run(ThreadExecutorMap.java:74)
at io.netty.util.concurrent.FastThreadLocalRunnable.run(FastThreadLocalRunnable.java:30)
at java.lang.Thread.run(Unknown Source)
Caused by: io.netty.channel.AbstractChannel$AnnotatedConnectException: Connection refused: no further information: localhost/0:0:0:0:0:0:0:1:59966
Caused by: java.net.ConnectException: Connection refused: no further information
at sun.nio.ch.SocketChannelImpl.checkConnect(Native Method)
at sun.nio.ch.SocketChannelImpl.finishConnect(Unknown Source)
at io.netty.channel.socket.nio.NioSocketChannel.doFinishConnect(NioSocketChannel.java:337)
at io.netty.channel.nio.AbstractNioChannel$AbstractNioUnsafe.finishConnect(AbstractNioChannel.java:334)
at io.netty.channel.nio.NioEventLoop.processSelectedKey(NioEventLoop.java:710)
at io.netty.channel.nio.NioEventLoop.processSelectedKeysOptimized(NioEventLoop.java:658)
at io.netty.channel.nio.NioEventLoop.processSelectedKeys(NioEventLoop.java:584)
at io.netty.channel.nio.NioEventLoop.run(NioEventLoop.java:496)
at io.netty.util.concurrent.SingleThreadEventExecutor$4.run(SingleThreadEventExecutor.java:997)
at io.netty.util.internal.ThreadExecutorMap$2.run(ThreadExecutorMap.java:74)
at io.netty.util.concurrent.FastThreadLocalRunnable.run(FastThreadLocalRunnable.java:30)
at java.lang.Thread.run(Unknown Source)
... Removed 25 stack frames]]>
    </failure>
  </testcase> <!-- @BeforeClass setup -->
  <testcase name="@BeforeMethod visit_url" time="-1.658073188523E9" classname="functionalTests.testsByBrian.tests.Cart_Operations">
    <failure type="org.testng.TestNGException" message="
Can inject only one of &amp;lt;ITestContext, XmlTest, Method, Object[], ITestResult&amp;gt; into a @BeforeMethod annotated visit_url.
For more information on native dependency injection please refer to https://testng.org/doc/documentation-main.html#native-dependency-injection">
      <![CDATA[org.testng.TestNGException: 
Can inject only one of <ITestContext, XmlTest, Method, Object[], ITestResult> into a @BeforeMethod annotated visit_url.
For more information on native dependency injection please refer to https://testng.org/doc/documentation-main.html#native-dependency-injection
at java.util.ArrayList.forEach(Unknown Source)
... Removed 28 stack frames]]>
    </failure>
  </testcase> <!-- @BeforeMethod visit_url -->
  <testcase name="@BeforeMethod visit_url" time="-1.658073188599E9" classname="functionalTests.testsByBrian.tests.Cart_Operations">
    <skipped/>
  </testcase> <!-- @BeforeMethod visit_url -->
  <testcase name="@BeforeMethod visit_url" time="-1.658073188644E9" classname="functionalTests.testsByBrian.tests.Cart_Operations">
    <skipped/>
  </testcase> <!-- @BeforeMethod visit_url -->
  <testcase name="@BeforeMethod visit_url" time="-1.658073188683E9" classname="functionalTests.testsByBrian.tests.Cart_Operations">
    <skipped/>
  </testcase> <!-- @BeforeMethod visit_url -->
  <testcase name="@BeforeMethod visit_url" time="-1.658073188691E9" classname="functionalTests.testsByBrian.tests.Cart_Operations">
    <skipped/>
  </testcase> <!-- @BeforeMethod visit_url -->
  <testcase name="@BeforeMethod visit_url" time="-1.6580731887E9" classname="functionalTests.testsByBrian.tests.Cart_Operations">
    <skipped/>
  </testcase> <!-- @BeforeMethod visit_url -->
  <testcase name="@BeforeMethod visit_url" time="-1.65807318872E9" classname="functionalTests.testsByBrian.tests.Cart_Operations">
    <skipped/>
  </testcase> <!-- @BeforeMethod visit_url -->
  <testcase name="@BeforeMethod visit_url" time="-1.658073188728E9" classname="functionalTests.testsByBrian.tests.Cart_Operations">
    <skipped/>
  </testcase> <!-- @BeforeMethod visit_url -->
  <testcase name="Empty_fields" time="0.0" classname="functionalTests.testsByBrian.tests.Sign_in">
    <skipped/>
  </testcase> <!-- Empty_fields -->
  <testcase name="Incorrect_email" time="0.0" classname="functionalTests.testsByBrian.tests.Sign_in">
    <skipped/>
  </testcase> <!-- Incorrect_email -->
  <testcase name="Password_less_than_6_symbols" time="0.0" classname="functionalTests.testsByBrian.tests.Sign_in">
    <skipped/>
  </testcase> <!-- Password_less_than_6_symbols -->
  <testcase name="Add_valid_data" time="0.0" classname="functionalTests.testsByBrian.tests.Sign_in">
    <skipped/>
  </testcase> <!-- Add_valid_data -->
  <testcase name="Add_1_product" time="0.0" classname="functionalTests.testsByBrian.tests.Cart_Operations">
    <skipped/>
  </testcase> <!-- Add_1_product -->
  <testcase name="Add_over_10_products" time="0.0" classname="functionalTests.testsByBrian.tests.Cart_Operations">
    <skipped/>
  </testcase> <!-- Add_over_10_products -->
  <testcase name="Change_number_of_items_from_10_to_0" time="0.0" classname="functionalTests.testsByBrian.tests.Cart_Operations">
    <skipped/>
  </testcase> <!-- Change_number_of_items_from_10_to_0 -->
  <testcase name="Ability_to_return_to_the_basket_and_order_when_the_browser_is_unexpectedly_closed" time="0.0" classname="functionalTests.testsByBrian.tests.Cart_Operations">
    <skipped/>
  </testcase> <!-- Ability_to_return_to_the_basket_and_order_when_the_browser_is_unexpectedly_closed -->
  <testcase name="Remove_product_cross_checkbox_QTY_0" time="0.0" classname="functionalTests.testsByBrian.tests.Cart_Operations">
    <skipped/>
  </testcase> <!-- Remove_product_cross_checkbox_QTY_0 -->
  <testcase name="Update_shopping_cart" time="0.011" classname="functionalTests.testsByBrian.tests.Cart_Operations">
    <skipped/>
  </testcase> <!-- Update_shopping_cart -->
  <testcase name="Continue_shopping" time="0.0" classname="functionalTests.testsByBrian.tests.Cart_Operations">
    <skipped/>
  </testcase> <!-- Continue_shopping -->
  <testcase name="Proceed_to_Checkout" time="0.0" classname="functionalTests.testsByBrian.tests.Cart_Operations">
    <skipped/>
  </testcase> <!-- Proceed_to_Checkout -->
</testsuite> <!-- Sign_in_and_Cart_operations -->
