<?xml version="1.0" encoding="UTF-8"?>
<!-- Generated by org.testng.reporters.JUnitReportReporter -->
<testsuite skipped="8" hostname="DESKTOP-F0NG1DC" name="functionalTests.testsByBrian.tests.Cart_Operations" tests="9" failures="0" timestamp="2022-07-17T18:53:10 EAT" time="-1658073216.000" errors="1">
  <testcase name="visit_url" time="-1658073216.000" classname="functionalTests.testsByBrian.tests.Cart_Operations">
    <error type="org.testng.TestNGException" message="
Can inject only one of &lt;ITestContext, XmlTest, Method, Object[], ITestResult&gt; into a @BeforeMethod annotated visit_url.
For more information on native dependency injection please refer to https://testng.org/doc/documentation-main.html#native-dependency-injection">
      <![CDATA[org.testng.TestNGException: 
Can inject only one of <ITestContext, XmlTest, Method, Object[], ITestResult> into a @BeforeMethod annotated visit_url.
For more information on native dependency injection please refer to https://testng.org/doc/documentation-main.html#native-dependency-injection
at org.testng.internal.Parameters.checkParameterTypes(Parameters.java:439)
at org.testng.internal.Parameters.createParametersForMethod(Parameters.java:353)
at org.testng.internal.Parameters.createParameters(Parameters.java:708)
at org.testng.internal.Parameters.createConfigurationParameters(Parameters.java:168)
at org.testng.internal.ConfigInvoker.invokeConfigurations(ConfigInvoker.java:302)
at org.testng.internal.TestInvoker.runConfigMethods(TestInvoker.java:700)
at org.testng.internal.TestInvoker.invokeMethod(TestInvoker.java:527)
at org.testng.internal.TestInvoker.invokeTestMethod(TestInvoker.java:173)
at org.testng.internal.MethodRunner.runInSequence(MethodRunner.java:46)
at org.testng.internal.TestInvoker$MethodInvocationAgent.invoke(TestInvoker.java:824)
at org.testng.internal.TestInvoker.invokeTestMethods(TestInvoker.java:146)
at org.testng.internal.TestMethodWorker.invokeTestMethods(TestMethodWorker.java:146)
at org.testng.internal.TestMethodWorker.run(TestMethodWorker.java:128)
at java.util.ArrayList.forEach(Unknown Source)
at org.testng.TestRunner.privateRun(TestRunner.java:794)
at org.testng.TestRunner.run(TestRunner.java:596)
at org.testng.SuiteRunner.runTest(SuiteRunner.java:377)
at org.testng.SuiteRunner.runSequentially(SuiteRunner.java:371)
at org.testng.SuiteRunner.privateRun(SuiteRunner.java:332)
at org.testng.SuiteRunner.run(SuiteRunner.java:276)
at org.testng.SuiteRunnerWorker.runSuite(SuiteRunnerWorker.java:53)
at org.testng.SuiteRunnerWorker.run(SuiteRunnerWorker.java:96)
at org.testng.TestNG.runSuitesSequentially(TestNG.java:1212)
at org.testng.TestNG.runSuitesLocally(TestNG.java:1134)
at org.testng.TestNG.runSuites(TestNG.java:1063)
at org.testng.TestNG.run(TestNG.java:1031)
at org.testng.remote.AbstractRemoteTestNG.run(AbstractRemoteTestNG.java:115)
at org.testng.remote.RemoteTestNG.initAndRun(RemoteTestNG.java:251)
at org.testng.remote.RemoteTestNG.main(RemoteTestNG.java:77)
]]>
    </error>
  </testcase> <!-- visit_url -->
  <system-out/>
  <testcase name="Add_1_product" time="0.000" classname="functionalTests.testsByBrian.tests.Cart_Operations">
    <skipped/>
  </testcase> <!-- Add_1_product -->
  <system-out/>
  <testcase name="Add_over_10_products" time="0.000" classname="functionalTests.testsByBrian.tests.Cart_Operations">
    <skipped/>
  </testcase> <!-- Add_over_10_products -->
  <system-out/>
  <testcase name="Change_number_of_items_from_10_to_0" time="0.000" classname="functionalTests.testsByBrian.tests.Cart_Operations">
    <skipped/>
  </testcase> <!-- Change_number_of_items_from_10_to_0 -->
  <system-out/>
  <testcase name="Ability_to_return_to_the_basket_and_order_when_the_browser_is_unexpectedly_closed" time="0.000" classname="functionalTests.testsByBrian.tests.Cart_Operations">
    <skipped/>
  </testcase> <!-- Ability_to_return_to_the_basket_and_order_when_the_browser_is_unexpectedly_closed -->
  <system-out/>
  <testcase name="Remove_product_cross_checkbox_QTY_0" time="0.000" classname="functionalTests.testsByBrian.tests.Cart_Operations">
    <skipped/>
  </testcase> <!-- Remove_product_cross_checkbox_QTY_0 -->
  <system-out/>
  <testcase name="Update_shopping_cart" time="0.011" classname="functionalTests.testsByBrian.tests.Cart_Operations">
    <skipped/>
  </testcase> <!-- Update_shopping_cart -->
  <system-out/>
  <testcase name="Continue_shopping" time="0.000" classname="functionalTests.testsByBrian.tests.Cart_Operations">
    <skipped/>
  </testcase> <!-- Continue_shopping -->
  <system-out/>
  <testcase name="Proceed_to_Checkout" time="0.000" classname="functionalTests.testsByBrian.tests.Cart_Operations">
    <skipped/>
  </testcase> <!-- Proceed_to_Checkout -->
  <system-out/>
</testsuite> <!-- functionalTests.testsByBrian.tests.Cart_Operations -->
